Build started 25/04/2024 8:44:55 PM.
     1>Project "G:\MyData\Adelaide24\CppTk32XP\XP32VC10\TKDocs\TK8612\GridExample1.vcxproj" on node 2 (build target(s)).
     1>InitializeBuildStatus:
         Creating "Release\GridExample1.unsuccessfulbuild" because "AlwaysCreate" was specified.
       ClCompile:
         C:\VS10\VC\bin\CL.exe /c /Ic:\Boost /IC:\Tcl\include /Ic:\tcl\lib /Ic:\CPPTK32 /Zi /nologo /W3 /WX- /O2 /Oy- /D WIN32 /D NDEBUG /D _CONSOLE /Gm- /EHsc /MD /GS /fp:precise /Zc:wchar_t /Zc:forScope /Fo"Release\\" /Fd"Release\vc100.pdb" /Gd /TP /analyze- /errorReport:prompt c:\cpptk32\cpptk.cc c:\cpptk32\Base\cpptkbase.cc ..\GridExample1.cpp
         cpptk.cc
         cpptkbase.cc
         GridExample1.cpp
     1>..\GridExample1.cpp(40): warning C4101: 'onevar' : unreferenced local variable
     1>..\GridExample1.cpp(40): warning C4101: 'twovar' : unreferenced local variable
         Generating Code...
       ManifestResourceCompile:
         C:\Program Files\Microsoft SDKs\Windows\v7.0A\bin\rc.exe /nologo /fo"Release\GridExample1.exe.embed.manifest.res" Release\GridExample1_manifest.rc 
       Link:
         C:\VS10\VC\bin\link.exe /ERRORREPORT:PROMPT /OUT:"Release\GridExample1.exe" /INCREMENTAL /NOLOGO c:\TCL\Lib\tcl86t.lib c:\TCL\Lib\tk86t.lib kernel32.lib user32.lib gdi32.lib winspool.lib comdlg32.lib advapi32.lib shell32.lib ole32.lib oleaut32.lib uuid.lib odbc32.lib odbccp32.lib /MANIFEST /ManifestFile:"Release\GridExample1.exe.intermediate.manifest" /MANIFESTUAC:"level='asInvoker' uiAccess='false'" /DEBUG /PDB:"G:\MyData\Adelaide24\CppTk32XP\XP32VC10\TKDocs\TK8612\Release\GridExample1.pdb" /SUBSYSTEM:CONSOLE /OPT:REF /OPT:ICF /TLBID:1 /DYNAMICBASE /NXCOMPAT /IMPLIB:"Release\GridExample1.lib" /MACHINE:X86 Release\GridExample1.exe.embed.manifest.res
         Release\cpptk.obj
         Release\cpptkbase.obj
         Release\GridExample1.obj
     1>LINK : warning LNK4075: ignoring '/INCREMENTAL' due to '/OPT:ICF' specification
       Manifest:
         C:\Program Files\Microsoft SDKs\Windows\v7.0A\bin\mt.exe /nologo /verbose /out:"Release\GridExample1.exe.embed.manifest" /manifest Release\GridExample1.exe.intermediate.manifest
         C:\Program Files\Microsoft SDKs\Windows\v7.0A\bin\rc.exe /nologo /fo"Release\GridExample1.exe.embed.manifest.res" Release\GridExample1_manifest.rc 
       LinkEmbedManifest:
         C:\VS10\VC\bin\link.exe /ERRORREPORT:PROMPT /OUT:"Release\GridExample1.exe" /INCREMENTAL /NOLOGO c:\TCL\Lib\tcl86t.lib c:\TCL\Lib\tk86t.lib kernel32.lib user32.lib gdi32.lib winspool.lib comdlg32.lib advapi32.lib shell32.lib ole32.lib oleaut32.lib uuid.lib odbc32.lib odbccp32.lib /MANIFEST /ManifestFile:"Release\GridExample1.exe.intermediate.manifest" /MANIFESTUAC:"level='asInvoker' uiAccess='false'" /DEBUG /PDB:"G:\MyData\Adelaide24\CppTk32XP\XP32VC10\TKDocs\TK8612\Release\GridExample1.pdb" /SUBSYSTEM:CONSOLE /OPT:REF /OPT:ICF /TLBID:1 /DYNAMICBASE /NXCOMPAT /IMPLIB:"Release\GridExample1.lib" /MACHINE:X86 Release\GridExample1.exe.embed.manifest.res
         Release\cpptk.obj
         Release\cpptkbase.obj
         Release\GridExample1.obj
     1>LINK : warning LNK4075: ignoring '/INCREMENTAL' due to '/OPT:ICF' specification
         GridExample1.vcxproj -> G:\MyData\Adelaide24\CppTk32XP\XP32VC10\TKDocs\TK8612\Release\GridExample1.exe
       FinalizeBuildStatus:
         Deleting file "Release\GridExample1.unsuccessfulbuild".
         Touching "Release\GridExample1.lastbuildstate".
     1>Done Building Project "G:\MyData\Adelaide24\CppTk32XP\XP32VC10\TKDocs\TK8612\GridExample1.vcxproj" (build target(s)).

Build succeeded.

Time Elapsed 00:00:05.06
