Build started 25/04/2024 6:44:43 PM.
     1>Project "G:\MyData\Adelaide24\CppTk32XP\XP32VC10\Examples\TK8420\Example1.vcxproj" on node 2 (build target(s)).
     1>InitializeBuildStatus:
         Creating "Debug\Example1.unsuccessfulbuild" because "AlwaysCreate" was specified.
       ClCompile:
         C:\VS10\VC\bin\CL.exe /c /Ic:\tcl\lib /Ic:\CPPTK32 /Ic:\tcl\include /ZI /nologo /W3 /WX- /Od /Oy- /D WIN32 /D _DEBUG /D _CONSOLE /Gm /EHsc /RTC1 /MDd /GS /fp:precise /Zc:wchar_t /Zc:forScope /Fo"Debug\\" /Fd"Debug\vc100.pdb" /Gd /TP /showIncludes /analyze- /errorReport:prompt c:\cpptk32\cpptk.cc c:\cpptk32\Base\cpptkbase.cc ..\example1.cpp
         example1.cpp
         Note: including file: c:\CPPTK32\cpptk.h
         Note: including file:  c:\cpptk32\base/cpptkbase.h
         Note: including file:   C:\VS10\VC\include\stdexcept
         Note: including file:    C:\VS10\VC\include\exception
         Note: including file:     C:\VS10\VC\include\xstddef
         Note: including file:      C:\VS10\VC\include\yvals.h
         Note: including file:       C:\VS10\VC\include\crtdefs.h
         Note: including file:        C:\VS10\VC\include\sal.h
         Note: including file:         c:\vs10\vc\include\codeanalysis\sourceannotations.h
         Note: including file:        C:\VS10\VC\include\vadefs.h
         Note: including file:       C:\VS10\VC\include\use_ansi.h
         Note: including file:      C:\VS10\VC\include\cstddef
         Note: including file:       C:\VS10\VC\include\stddef.h
         Note: including file:        C:\VS10\VC\include\crtdefs.h
         Note: including file:     C:\VS10\VC\include\eh.h
         Note: including file:      C:\VS10\VC\include\crtdefs.h
         Note: including file:     C:\VS10\VC\include\malloc.h
         Note: including file:      C:\VS10\VC\include\crtdefs.h
         Note: including file:     C:\VS10\VC\include\string.h
         Note: including file:      C:\VS10\VC\include\crtdefs.h
         Note: including file:    C:\VS10\VC\include\xstring
         Note: including file:     C:\VS10\VC\include\xmemory
         Note: including file:      C:\VS10\VC\include\cstdlib
         Note: including file:       C:\VS10\VC\include\stdlib.h
         Note: including file:        C:\VS10\VC\include\crtdefs.h
         Note: including file:        C:\VS10\VC\include\limits.h
         Note: including file:         C:\VS10\VC\include\crtdefs.h
         Note: including file:      C:\VS10\VC\include\new
         Note: including file:      C:\VS10\VC\include\xutility
         Note: including file:       C:\VS10\VC\include\climits
         Note: including file:       C:\VS10\VC\include\utility
         Note: including file:        C:\VS10\VC\include\iosfwd
         Note: including file:         C:\VS10\VC\include\cstdio
         Note: including file:          C:\VS10\VC\include\stdio.h
         Note: including file:           C:\VS10\VC\include\crtdefs.h
         Note: including file:           C:\VS10\VC\include\swprintf.inl
         Note: including file:         C:\VS10\VC\include\cstring
         Note: including file:         C:\VS10\VC\include\cwchar
         Note: including file:          C:\VS10\VC\include\wchar.h
         Note: including file:           C:\VS10\VC\include\crtdefs.h
         Note: including file:           C:\VS10\VC\include\wtime.inl
         Note: including file:         C:\VS10\VC\include\crtdbg.h
         Note: including file:          C:\VS10\VC\include\crtdefs.h
         Note: including file:        C:\VS10\VC\include\type_traits
         Note: including file:         C:\VS10\VC\include\limits
         Note: including file:          C:\VS10\VC\include\ymath.h
         Note: including file:          C:\VS10\VC\include\cfloat
         Note: including file:           C:\VS10\VC\include\float.h
         Note: including file:            C:\VS10\VC\include\crtdefs.h
         Note: including file:            C:\VS10\VC\include\crtwrn.h
         Note: including file:             C:\VS10\VC\include\crtdefs.h
         Note: including file:          C:\VS10\VC\include\cmath
         Note: including file:           C:\VS10\VC\include\math.h
         Note: including file:            C:\VS10\VC\include\crtdefs.h
         Note: including file:         C:\VS10\VC\include\xtr1common
         Note: including file:         C:\VS10\VC\include\xfwrap
         Note: including file:          C:\VS10\VC\include\xfwrap1
         Note: including file:           C:\VS10\VC\include\xxtype_traits
         Note: including file:          C:\VS10\VC\include\xfwrap1
         Note: including file:           C:\VS10\VC\include\xxtype_traits
         Note: including file:          C:\VS10\VC\include\xfwrap1
         Note: including file:           C:\VS10\VC\include\xxtype_traits
         Note: including file:          C:\VS10\VC\include\xfwrap1
         Note: including file:           C:\VS10\VC\include\xxtype_traits
         Note: including file:          C:\VS10\VC\include\xfwrap1
         Note: including file:           C:\VS10\VC\include\xxtype_traits
         Note: including file:          C:\VS10\VC\include\xfwrap1
         Note: including file:           C:\VS10\VC\include\xxtype_traits
         Note: including file:          C:\VS10\VC\include\xfwrap1
         Note: including file:           C:\VS10\VC\include\xxtype_traits
         Note: including file:          C:\VS10\VC\include\xfwrap1
         Note: including file:           C:\VS10\VC\include\xxtype_traits
         Note: including file:          C:\VS10\VC\include\xfwrap1
         Note: including file:           C:\VS10\VC\include\xxtype_traits
         Note: including file:          C:\VS10\VC\include\xfwrap1
         Note: including file:           C:\VS10\VC\include\xxtype_traits
         Note: including file:          C:\VS10\VC\include\xfwrap1
         Note: including file:           C:\VS10\VC\include\xxtype_traits
         Note: including file:   C:\VS10\VC\include\string
         Note: including file:    C:\VS10\VC\include\istream
         Note: including file:     C:\VS10\VC\include\ostream
         Note: including file:      C:\VS10\VC\include\ios
         Note: including file:       C:\VS10\VC\include\xlocnum
         Note: including file:        C:\VS10\VC\include\streambuf
         Note: including file:         C:\VS10\VC\include\xiosbase
         Note: including file:          C:\VS10\VC\include\xlocale
         Note: including file:           C:\VS10\VC\include\typeinfo
         Note: including file:           C:\VS10\VC\include\xlocinfo
         Note: including file:            C:\VS10\VC\include\xlocinfo.h
         Note: including file:             C:\VS10\VC\include\ctype.h
         Note: including file:              C:\VS10\VC\include\crtdefs.h
         Note: including file:             C:\VS10\VC\include\locale.h
         Note: including file:              C:\VS10\VC\include\crtdefs.h
         Note: including file:           C:\VS10\VC\include\xdebug
         Note: including file:          C:\VS10\VC\include\system_error
         Note: including file:           C:\VS10\VC\include\cerrno
         Note: including file:            C:\VS10\VC\include\errno.h
         Note: including file:             C:\VS10\VC\include\crtdefs.h
         Note: including file:          C:\VS10\VC\include\share.h
         Note: including file:   C:\VS10\VC\include\sstream
         Note: including file:   C:\VS10\VC\include\vector
         Note: including file:    C:\VS10\VC\include\memory
         Note: including file:     C:\VS10\VC\include\intrin.h
         Note: including file:      C:\VS10\VC\include\crtdefs.h
         Note: including file:      C:\VS10\VC\include\setjmp.h
         Note: including file:       C:\VS10\VC\include\crtdefs.h
         Note: including file:      C:\VS10\VC\include\immintrin.h
         Note: including file:       C:\VS10\VC\include\wmmintrin.h
         Note: including file:        C:\VS10\VC\include\nmmintrin.h
         Note: including file:         C:\VS10\VC\include\smmintrin.h
         Note: including file:          C:\VS10\VC\include\tmmintrin.h
         Note: including file:           C:\VS10\VC\include\pmmintrin.h
         Note: including file:            C:\VS10\VC\include\emmintrin.h
         Note: including file:             C:\VS10\VC\include\xmmintrin.h
         Note: including file:              C:\VS10\VC\include\mmintrin.h
         Note: including file:               C:\VS10\VC\include\crtdefs.h
         Note: including file:      C:\VS10\VC\include\mm3dnow.h
         Note: including file:       C:\VS10\VC\include\crtdefs.h
         Note: including file:       C:\VS10\VC\include\mmintrin.h
         Note: including file:     C:\VS10\VC\include\xfwrap
         Note: including file:      C:\VS10\VC\include\xfwrap1
         Note: including file:       C:\VS10\VC\include\xxshared
         Note: including file:      C:\VS10\VC\include\xfwrap1
         Note: including file:       C:\VS10\VC\include\xxshared
         Note: including file:      C:\VS10\VC\include\xfwrap1
         Note: including file:       C:\VS10\VC\include\xxshared
         Note: including file:      C:\VS10\VC\include\xfwrap1
         Note: including file:       C:\VS10\VC\include\xxshared
         Note: including file:      C:\VS10\VC\include\xfwrap1
         Note: including file:       C:\VS10\VC\include\xxshared
         Note: including file:      C:\VS10\VC\include\xfwrap1
         Note: including file:       C:\VS10\VC\include\xxshared
         Note: including file:      C:\VS10\VC\include\xfwrap1
         Note: including file:       C:\VS10\VC\include\xxshared
         Note: including file:      C:\VS10\VC\include\xfwrap1
         Note: including file:       C:\VS10\VC\include\xxshared
         Note: including file:      C:\VS10\VC\include\xfwrap1
         Note: including file:       C:\VS10\VC\include\xxshared
         Note: including file:      C:\VS10\VC\include\xfwrap1
         Note: including file:       C:\VS10\VC\include\xxshared
         Note: including file:      C:\VS10\VC\include\xfwrap1
         Note: including file:       C:\VS10\VC\include\xxshared
         Note: including file:     C:\VS10\VC\include\xfwrap
         Note: including file:      C:\VS10\VC\include\xfwrap1
         Note: including file:       C:\VS10\VC\include\xxshared
         Note: including file:      C:\VS10\VC\include\xfwrap1
         Note: including file:       C:\VS10\VC\include\xxshared
         Note: including file:      C:\VS10\VC\include\xfwrap1
         Note: including file:       C:\VS10\VC\include\xxshared
         Note: including file:      C:\VS10\VC\include\xfwrap1
         Note: including file:       C:\VS10\VC\include\xxshared
         Note: including file:      C:\VS10\VC\include\xfwrap1
         Note: including file:       C:\VS10\VC\include\xxshared
         Note: including file:      C:\VS10\VC\include\xfwrap1
         Note: including file:       C:\VS10\VC\include\xxshared
         Note: including file:      C:\VS10\VC\include\xfwrap1
         Note: including file:       C:\VS10\VC\include\xxshared
         Note: including file:      C:\VS10\VC\include\xfwrap1
         Note: including file:       C:\VS10\VC\include\xxshared
         Note: including file:      C:\VS10\VC\include\xfwrap1
         Note: including file:       C:\VS10\VC\include\xxshared
         Note: including file:      C:\VS10\VC\include\xfwrap1
         Note: including file:       C:\VS10\VC\include\xxshared
         Note: including file:      C:\VS10\VC\include\xfwrap1
         Note: including file:       C:\VS10\VC\include\xxshared
         Note: including file:     C:\VS10\VC\include\xfwrap
         Note: including file:      C:\VS10\VC\include\xfwrap1
         Note: including file:       C:\VS10\VC\include\xxshared
         Note: including file:      C:\VS10\VC\include\xfwrap1
         Note: including file:       C:\VS10\VC\include\xxshared
         Note: including file:      C:\VS10\VC\include\xfwrap1
         Note: including file:       C:\VS10\VC\include\xxshared
         Note: including file:      C:\VS10\VC\include\xfwrap1
         Note: including file:       C:\VS10\VC\include\xxshared
         Note: including file:      C:\VS10\VC\include\xfwrap1
         Note: including file:       C:\VS10\VC\include\xxshared
         Note: including file:      C:\VS10\VC\include\xfwrap1
         Note: including file:       C:\VS10\VC\include\xxshared
         Note: including file:      C:\VS10\VC\include\xfwrap1
         Note: including file:       C:\VS10\VC\include\xxshared
         Note: including file:      C:\VS10\VC\include\xfwrap1
         Note: including file:       C:\VS10\VC\include\xxshared
         Note: including file:      C:\VS10\VC\include\xfwrap1
         Note: including file:       C:\VS10\VC\include\xxshared
         Note: including file:      C:\VS10\VC\include\xfwrap1
         Note: including file:       C:\VS10\VC\include\xxshared
         Note: including file:      C:\VS10\VC\include\xfwrap1
         Note: including file:       C:\VS10\VC\include\xxshared
         Note: including file:    C:\VS10\VC\include\xfunctional
     1>c:\cpptk32\base\cpptkbase.h(24): fatal error C1083: Cannot open include file: 'boost/shared_ptr.hpp': No such file or directory
         cpptkbase.cc
         Note: including file: c:\cpptk32\base\cpptkbase.h
         Note: including file:  C:\VS10\VC\include\stdexcept
         Note: including file:   C:\VS10\VC\include\exception
         Note: including file:    C:\VS10\VC\include\xstddef
         Note: including file:     C:\VS10\VC\include\yvals.h
         Note: including file:      C:\VS10\VC\include\crtdefs.h
         Note: including file:       C:\VS10\VC\include\sal.h
         Note: including file:        c:\vs10\vc\include\codeanalysis\sourceannotations.h
         Note: including file:       C:\VS10\VC\include\vadefs.h
         Note: including file:      C:\VS10\VC\include\use_ansi.h
         Note: including file:     C:\VS10\VC\include\cstddef
         Note: including file:      C:\VS10\VC\include\stddef.h
         Note: including file:       C:\VS10\VC\include\crtdefs.h
         Note: including file:    C:\VS10\VC\include\eh.h
         Note: including file:     C:\VS10\VC\include\crtdefs.h
         Note: including file:    C:\VS10\VC\include\malloc.h
         Note: including file:     C:\VS10\VC\include\crtdefs.h
         Note: including file:    C:\VS10\VC\include\string.h
         Note: including file:     C:\VS10\VC\include\crtdefs.h
         Note: including file:   C:\VS10\VC\include\xstring
         Note: including file:    C:\VS10\VC\include\xmemory
         Note: including file:     C:\VS10\VC\include\cstdlib
         Note: including file:      C:\VS10\VC\include\stdlib.h
         Note: including file:       C:\VS10\VC\include\crtdefs.h
         Note: including file:       C:\VS10\VC\include\limits.h
         Note: including file:        C:\VS10\VC\include\crtdefs.h
         Note: including file:     C:\VS10\VC\include\new
         Note: including file:     C:\VS10\VC\include\xutility
         Note: including file:      C:\VS10\VC\include\climits
         Note: including file:      C:\VS10\VC\include\utility
         Note: including file:       C:\VS10\VC\include\iosfwd
         Note: including file:        C:\VS10\VC\include\cstdio
         Note: including file:         C:\VS10\VC\include\stdio.h
         Note: including file:          C:\VS10\VC\include\crtdefs.h
         Note: including file:          C:\VS10\VC\include\swprintf.inl
         Note: including file:        C:\VS10\VC\include\cstring
         Note: including file:        C:\VS10\VC\include\cwchar
         Note: including file:         C:\VS10\VC\include\wchar.h
         Note: including file:          C:\VS10\VC\include\crtdefs.h
         Note: including file:          C:\VS10\VC\include\wtime.inl
         Note: including file:        C:\VS10\VC\include\crtdbg.h
         Note: including file:         C:\VS10\VC\include\crtdefs.h
         Note: including file:       C:\VS10\VC\include\type_traits
         Note: including file:        C:\VS10\VC\include\limits
         Note: including file:         C:\VS10\VC\include\ymath.h
         Note: including file:         C:\VS10\VC\include\cfloat
         Note: including file:          C:\VS10\VC\include\float.h
         Note: including file:           C:\VS10\VC\include\crtdefs.h
         Note: including file:           C:\VS10\VC\include\crtwrn.h
         Note: including file:            C:\VS10\VC\include\crtdefs.h
         Note: including file:         C:\VS10\VC\include\cmath
         Note: including file:          C:\VS10\VC\include\math.h
         Note: including file:           C:\VS10\VC\include\crtdefs.h
         Note: including file:        C:\VS10\VC\include\xtr1common
         Note: including file:        C:\VS10\VC\include\xfwrap
         Note: including file:         C:\VS10\VC\include\xfwrap1
         Note: including file:          C:\VS10\VC\include\xxtype_traits
         Note: including file:         C:\VS10\VC\include\xfwrap1
         Note: including file:          C:\VS10\VC\include\xxtype_traits
         Note: including file:         C:\VS10\VC\include\xfwrap1
         Note: including file:          C:\VS10\VC\include\xxtype_traits
         Note: including file:         C:\VS10\VC\include\xfwrap1
         Note: including file:          C:\VS10\VC\include\xxtype_traits
         Note: including file:         C:\VS10\VC\include\xfwrap1
         Note: including file:          C:\VS10\VC\include\xxtype_traits
         Note: including file:         C:\VS10\VC\include\xfwrap1
         Note: including file:          C:\VS10\VC\include\xxtype_traits
         Note: including file:         C:\VS10\VC\include\xfwrap1
         Note: including file:          C:\VS10\VC\include\xxtype_traits
         Note: including file:         C:\VS10\VC\include\xfwrap1
         Note: including file:          C:\VS10\VC\include\xxtype_traits
         Note: including file:         C:\VS10\VC\include\xfwrap1
         Note: including file:          C:\VS10\VC\include\xxtype_traits
         Note: including file:         C:\VS10\VC\include\xfwrap1
         Note: including file:          C:\VS10\VC\include\xxtype_traits
         Note: including file:         C:\VS10\VC\include\xfwrap1
         Note: including file:          C:\VS10\VC\include\xxtype_traits
         Note: including file:  C:\VS10\VC\include\string
         Note: including file:   C:\VS10\VC\include\istream
         Note: including file:    C:\VS10\VC\include\ostream
         Note: including file:     C:\VS10\VC\include\ios
         Note: including file:      C:\VS10\VC\include\xlocnum
         Note: including file:       C:\VS10\VC\include\streambuf
         Note: including file:        C:\VS10\VC\include\xiosbase
         Note: including file:         C:\VS10\VC\include\xlocale
         Note: including file:          C:\VS10\VC\include\typeinfo
         Note: including file:          C:\VS10\VC\include\xlocinfo
         Note: including file:           C:\VS10\VC\include\xlocinfo.h
         Note: including file:            C:\VS10\VC\include\ctype.h
         Note: including file:             C:\VS10\VC\include\crtdefs.h
         Note: including file:            C:\VS10\VC\include\locale.h
         Note: including file:             C:\VS10\VC\include\crtdefs.h
         Note: including file:          C:\VS10\VC\include\xdebug
         Note: including file:         C:\VS10\VC\include\system_error
         Note: including file:          C:\VS10\VC\include\cerrno
         Note: including file:           C:\VS10\VC\include\errno.h
         Note: including file:            C:\VS10\VC\include\crtdefs.h
         Note: including file:         C:\VS10\VC\include\share.h
         Note: including file:  C:\VS10\VC\include\sstream
         Note: including file:  C:\VS10\VC\include\vector
         Note: including file:   C:\VS10\VC\include\memory
         Note: including file:    C:\VS10\VC\include\intrin.h
         Note: including file:     C:\VS10\VC\include\crtdefs.h
         Note: including file:     C:\VS10\VC\include\setjmp.h
         Note: including file:      C:\VS10\VC\include\crtdefs.h
         Note: including file:     C:\VS10\VC\include\immintrin.h
         Note: including file:      C:\VS10\VC\include\wmmintrin.h
         Note: including file:       C:\VS10\VC\include\nmmintrin.h
         Note: including file:        C:\VS10\VC\include\smmintrin.h
         Note: including file:         C:\VS10\VC\include\tmmintrin.h
         Note: including file:          C:\VS10\VC\include\pmmintrin.h
         Note: including file:           C:\VS10\VC\include\emmintrin.h
         Note: including file:            C:\VS10\VC\include\xmmintrin.h
         Note: including file:             C:\VS10\VC\include\mmintrin.h
         Note: including file:              C:\VS10\VC\include\crtdefs.h
         Note: including file:     C:\VS10\VC\include\mm3dnow.h
         Note: including file:      C:\VS10\VC\include\crtdefs.h
         Note: including file:      C:\VS10\VC\include\mmintrin.h
         Note: including file:    C:\VS10\VC\include\xfwrap
         Note: including file:     C:\VS10\VC\include\xfwrap1
         Note: including file:      C:\VS10\VC\include\xxshared
         Note: including file:     C:\VS10\VC\include\xfwrap1
         Note: including file:      C:\VS10\VC\include\xxshared
         Note: including file:     C:\VS10\VC\include\xfwrap1
         Note: including file:      C:\VS10\VC\include\xxshared
         Note: including file:     C:\VS10\VC\include\xfwrap1
         Note: including file:      C:\VS10\VC\include\xxshared
         Note: including file:     C:\VS10\VC\include\xfwrap1
         Note: including file:      C:\VS10\VC\include\xxshared
         Note: including file:     C:\VS10\VC\include\xfwrap1
         Note: including file:      C:\VS10\VC\include\xxshared
         Note: including file:     C:\VS10\VC\include\xfwrap1
         Note: including file:      C:\VS10\VC\include\xxshared
         Note: including file:     C:\VS10\VC\include\xfwrap1
         Note: including file:      C:\VS10\VC\include\xxshared
         Note: including file:     C:\VS10\VC\include\xfwrap1
         Note: including file:      C:\VS10\VC\include\xxshared
         Note: including file:     C:\VS10\VC\include\xfwrap1
         Note: including file:      C:\VS10\VC\include\xxshared
         Note: including file:     C:\VS10\VC\include\xfwrap1
         Note: including file:      C:\VS10\VC\include\xxshared
         Note: including file:    C:\VS10\VC\include\xfwrap
         Note: including file:     C:\VS10\VC\include\xfwrap1
         Note: including file:      C:\VS10\VC\include\xxshared
         Note: including file:     C:\VS10\VC\include\xfwrap1
         Note: including file:      C:\VS10\VC\include\xxshared
         Note: including file:     C:\VS10\VC\include\xfwrap1
         Note: including file:      C:\VS10\VC\include\xxshared
         Note: including file:     C:\VS10\VC\include\xfwrap1
         Note: including file:      C:\VS10\VC\include\xxshared
         Note: including file:     C:\VS10\VC\include\xfwrap1
         Note: including file:      C:\VS10\VC\include\xxshared
         Note: including file:     C:\VS10\VC\include\xfwrap1
         Note: including file:      C:\VS10\VC\include\xxshared
         Note: including file:     C:\VS10\VC\include\xfwrap1
         Note: including file:      C:\VS10\VC\include\xxshared
         Note: including file:     C:\VS10\VC\include\xfwrap1
         Note: including file:      C:\VS10\VC\include\xxshared
         Note: including file:     C:\VS10\VC\include\xfwrap1
         Note: including file:      C:\VS10\VC\include\xxshared
         Note: including file:     C:\VS10\VC\include\xfwrap1
         Note: including file:      C:\VS10\VC\include\xxshared
         Note: including file:     C:\VS10\VC\include\xfwrap1
         Note: including file:      C:\VS10\VC\include\xxshared
         Note: including file:    C:\VS10\VC\include\xfwrap
         Note: including file:     C:\VS10\VC\include\xfwrap1
         Note: including file:      C:\VS10\VC\include\xxshared
         Note: including file:     C:\VS10\VC\include\xfwrap1
         Note: including file:      C:\VS10\VC\include\xxshared
         Note: including file:     C:\VS10\VC\include\xfwrap1
         Note: including file:      C:\VS10\VC\include\xxshared
         Note: including file:     C:\VS10\VC\include\xfwrap1
         Note: including file:      C:\VS10\VC\include\xxshared
         Note: including file:     C:\VS10\VC\include\xfwrap1
         Note: including file:      C:\VS10\VC\include\xxshared
         Note: including file:     C:\VS10\VC\include\xfwrap1
         Note: including file:      C:\VS10\VC\include\xxshared
         Note: including file:     C:\VS10\VC\include\xfwrap1
         Note: including file:      C:\VS10\VC\include\xxshared
         Note: including file:     C:\VS10\VC\include\xfwrap1
         Note: including file:      C:\VS10\VC\include\xxshared
         Note: including file:     C:\VS10\VC\include\xfwrap1
         Note: including file:      C:\VS10\VC\include\xxshared
         Note: including file:     C:\VS10\VC\include\xfwrap1
         Note: including file:      C:\VS10\VC\include\xxshared
         Note: including file:     C:\VS10\VC\include\xfwrap1
         Note: including file:      C:\VS10\VC\include\xxshared
         Note: including file:   C:\VS10\VC\include\xfunctional
     1>c:\cpptk32\base\cpptkbase.h(24): fatal error C1083: Cannot open include file: 'boost/shared_ptr.hpp': No such file or directory
         cpptk.cc
         Note: including file: c:\cpptk32\cpptk.h
         Note: including file:  c:\cpptk32\base/cpptkbase.h
         Note: including file:   C:\VS10\VC\include\stdexcept
         Note: including file:    C:\VS10\VC\include\exception
         Note: including file:     C:\VS10\VC\include\xstddef
         Note: including file:      C:\VS10\VC\include\yvals.h
         Note: including file:       C:\VS10\VC\include\crtdefs.h
         Note: including file:        C:\VS10\VC\include\sal.h
         Note: including file:         c:\vs10\vc\include\codeanalysis\sourceannotations.h
         Note: including file:        C:\VS10\VC\include\vadefs.h
         Note: including file:       C:\VS10\VC\include\use_ansi.h
         Note: including file:      C:\VS10\VC\include\cstddef
         Note: including file:       C:\VS10\VC\include\stddef.h
         Note: including file:        C:\VS10\VC\include\crtdefs.h
         Note: including file:     C:\VS10\VC\include\eh.h
         Note: including file:      C:\VS10\VC\include\crtdefs.h
         Note: including file:     C:\VS10\VC\include\malloc.h
         Note: including file:      C:\VS10\VC\include\crtdefs.h
         Note: including file:     C:\VS10\VC\include\string.h
         Note: including file:      C:\VS10\VC\include\crtdefs.h
         Note: including file:    C:\VS10\VC\include\xstring
         Note: including file:     C:\VS10\VC\include\xmemory
         Note: including file:      C:\VS10\VC\include\cstdlib
         Note: including file:       C:\VS10\VC\include\stdlib.h
         Note: including file:        C:\VS10\VC\include\crtdefs.h
         Note: including file:        C:\VS10\VC\include\limits.h
         Note: including file:         C:\VS10\VC\include\crtdefs.h
         Note: including file:      C:\VS10\VC\include\new
         Note: including file:      C:\VS10\VC\include\xutility
         Note: including file:       C:\VS10\VC\include\climits
         Note: including file:       C:\VS10\VC\include\utility
         Note: including file:        C:\VS10\VC\include\iosfwd
         Note: including file:         C:\VS10\VC\include\cstdio
         Note: including file:          C:\VS10\VC\include\stdio.h
         Note: including file:           C:\VS10\VC\include\crtdefs.h
         Note: including file:           C:\VS10\VC\include\swprintf.inl
         Note: including file:         C:\VS10\VC\include\cstring
         Note: including file:         C:\VS10\VC\include\cwchar
         Note: including file:          C:\VS10\VC\include\wchar.h
         Note: including file:           C:\VS10\VC\include\crtdefs.h
         Note: including file:           C:\VS10\VC\include\wtime.inl
         Note: including file:         C:\VS10\VC\include\crtdbg.h
         Note: including file:          C:\VS10\VC\include\crtdefs.h
         Note: including file:        C:\VS10\VC\include\type_traits
         Note: including file:         C:\VS10\VC\include\limits
         Note: including file:          C:\VS10\VC\include\ymath.h
         Note: including file:          C:\VS10\VC\include\cfloat
         Note: including file:           C:\VS10\VC\include\float.h
         Note: including file:            C:\VS10\VC\include\crtdefs.h
         Note: including file:            C:\VS10\VC\include\crtwrn.h
         Note: including file:             C:\VS10\VC\include\crtdefs.h
         Note: including file:          C:\VS10\VC\include\cmath
         Note: including file:           C:\VS10\VC\include\math.h
         Note: including file:            C:\VS10\VC\include\crtdefs.h
         Note: including file:         C:\VS10\VC\include\xtr1common
         Note: including file:         C:\VS10\VC\include\xfwrap
         Note: including file:          C:\VS10\VC\include\xfwrap1
         Note: including file:           C:\VS10\VC\include\xxtype_traits
         Note: including file:          C:\VS10\VC\include\xfwrap1
         Note: including file:           C:\VS10\VC\include\xxtype_traits
         Note: including file:          C:\VS10\VC\include\xfwrap1
         Note: including file:           C:\VS10\VC\include\xxtype_traits
         Note: including file:          C:\VS10\VC\include\xfwrap1
         Note: including file:           C:\VS10\VC\include\xxtype_traits
         Note: including file:          C:\VS10\VC\include\xfwrap1
         Note: including file:           C:\VS10\VC\include\xxtype_traits
         Note: including file:          C:\VS10\VC\include\xfwrap1
         Note: including file:           C:\VS10\VC\include\xxtype_traits
         Note: including file:          C:\VS10\VC\include\xfwrap1
         Note: including file:           C:\VS10\VC\include\xxtype_traits
         Note: including file:          C:\VS10\VC\include\xfwrap1
         Note: including file:           C:\VS10\VC\include\xxtype_traits
         Note: including file:          C:\VS10\VC\include\xfwrap1
         Note: including file:           C:\VS10\VC\include\xxtype_traits
         Note: including file:          C:\VS10\VC\include\xfwrap1
         Note: including file:           C:\VS10\VC\include\xxtype_traits
         Note: including file:          C:\VS10\VC\include\xfwrap1
         Note: including file:           C:\VS10\VC\include\xxtype_traits
         Note: including file:   C:\VS10\VC\include\string
         Note: including file:    C:\VS10\VC\include\istream
         Note: including file:     C:\VS10\VC\include\ostream
         Note: including file:      C:\VS10\VC\include\ios
         Note: including file:       C:\VS10\VC\include\xlocnum
         Note: including file:        C:\VS10\VC\include\streambuf
         Note: including file:         C:\VS10\VC\include\xiosbase
         Note: including file:          C:\VS10\VC\include\xlocale
         Note: including file:           C:\VS10\VC\include\typeinfo
         Note: including file:           C:\VS10\VC\include\xlocinfo
         Note: including file:            C:\VS10\VC\include\xlocinfo.h
         Note: including file:             C:\VS10\VC\include\ctype.h
         Note: including file:              C:\VS10\VC\include\crtdefs.h
         Note: including file:             C:\VS10\VC\include\locale.h
         Note: including file:              C:\VS10\VC\include\crtdefs.h
         Note: including file:           C:\VS10\VC\include\xdebug
         Note: including file:          C:\VS10\VC\include\system_error
         Note: including file:           C:\VS10\VC\include\cerrno
         Note: including file:            C:\VS10\VC\include\errno.h
         Note: including file:             C:\VS10\VC\include\crtdefs.h
         Note: including file:          C:\VS10\VC\include\share.h
         Note: including file:   C:\VS10\VC\include\sstream
         Note: including file:   C:\VS10\VC\include\vector
         Note: including file:    C:\VS10\VC\include\memory
         Note: including file:     C:\VS10\VC\include\intrin.h
         Note: including file:      C:\VS10\VC\include\crtdefs.h
         Note: including file:      C:\VS10\VC\include\setjmp.h
         Note: including file:       C:\VS10\VC\include\crtdefs.h
         Note: including file:      C:\VS10\VC\include\immintrin.h
         Note: including file:       C:\VS10\VC\include\wmmintrin.h
         Note: including file:        C:\VS10\VC\include\nmmintrin.h
         Note: including file:         C:\VS10\VC\include\smmintrin.h
         Note: including file:          C:\VS10\VC\include\tmmintrin.h
         Note: including file:           C:\VS10\VC\include\pmmintrin.h
         Note: including file:            C:\VS10\VC\include\emmintrin.h
         Note: including file:             C:\VS10\VC\include\xmmintrin.h
         Note: including file:              C:\VS10\VC\include\mmintrin.h
         Note: including file:               C:\VS10\VC\include\crtdefs.h
         Note: including file:      C:\VS10\VC\include\mm3dnow.h
         Note: including file:       C:\VS10\VC\include\crtdefs.h
         Note: including file:       C:\VS10\VC\include\mmintrin.h
         Note: including file:     C:\VS10\VC\include\xfwrap
         Note: including file:      C:\VS10\VC\include\xfwrap1
         Note: including file:       C:\VS10\VC\include\xxshared
         Note: including file:      C:\VS10\VC\include\xfwrap1
         Note: including file:       C:\VS10\VC\include\xxshared
         Note: including file:      C:\VS10\VC\include\xfwrap1
         Note: including file:       C:\VS10\VC\include\xxshared
         Note: including file:      C:\VS10\VC\include\xfwrap1
         Note: including file:       C:\VS10\VC\include\xxshared
         Note: including file:      C:\VS10\VC\include\xfwrap1
         Note: including file:       C:\VS10\VC\include\xxshared
         Note: including file:      C:\VS10\VC\include\xfwrap1
         Note: including file:       C:\VS10\VC\include\xxshared
         Note: including file:      C:\VS10\VC\include\xfwrap1
         Note: including file:       C:\VS10\VC\include\xxshared
         Note: including file:      C:\VS10\VC\include\xfwrap1
         Note: including file:       C:\VS10\VC\include\xxshared
         Note: including file:      C:\VS10\VC\include\xfwrap1
         Note: including file:       C:\VS10\VC\include\xxshared
         Note: including file:      C:\VS10\VC\include\xfwrap1
         Note: including file:       C:\VS10\VC\include\xxshared
         Note: including file:      C:\VS10\VC\include\xfwrap1
         Note: including file:       C:\VS10\VC\include\xxshared
         Note: including file:     C:\VS10\VC\include\xfwrap
         Note: including file:      C:\VS10\VC\include\xfwrap1
         Note: including file:       C:\VS10\VC\include\xxshared
         Note: including file:      C:\VS10\VC\include\xfwrap1
         Note: including file:       C:\VS10\VC\include\xxshared
         Note: including file:      C:\VS10\VC\include\xfwrap1
         Note: including file:       C:\VS10\VC\include\xxshared
         Note: including file:      C:\VS10\VC\include\xfwrap1
         Note: including file:       C:\VS10\VC\include\xxshared
         Note: including file:      C:\VS10\VC\include\xfwrap1
         Note: including file:       C:\VS10\VC\include\xxshared
         Note: including file:      C:\VS10\VC\include\xfwrap1
         Note: including file:       C:\VS10\VC\include\xxshared
         Note: including file:      C:\VS10\VC\include\xfwrap1
         Note: including file:       C:\VS10\VC\include\xxshared
         Note: including file:      C:\VS10\VC\include\xfwrap1
         Note: including file:       C:\VS10\VC\include\xxshared
         Note: including file:      C:\VS10\VC\include\xfwrap1
         Note: including file:       C:\VS10\VC\include\xxshared
         Note: including file:      C:\VS10\VC\include\xfwrap1
         Note: including file:       C:\VS10\VC\include\xxshared
         Note: including file:      C:\VS10\VC\include\xfwrap1
         Note: including file:       C:\VS10\VC\include\xxshared
         Note: including file:     C:\VS10\VC\include\xfwrap
         Note: including file:      C:\VS10\VC\include\xfwrap1
         Note: including file:       C:\VS10\VC\include\xxshared
         Note: including file:      C:\VS10\VC\include\xfwrap1
         Note: including file:       C:\VS10\VC\include\xxshared
         Note: including file:      C:\VS10\VC\include\xfwrap1
         Note: including file:       C:\VS10\VC\include\xxshared
         Note: including file:      C:\VS10\VC\include\xfwrap1
         Note: including file:       C:\VS10\VC\include\xxshared
         Note: including file:      C:\VS10\VC\include\xfwrap1
         Note: including file:       C:\VS10\VC\include\xxshared
         Note: including file:      C:\VS10\VC\include\xfwrap1
         Note: including file:       C:\VS10\VC\include\xxshared
         Note: including file:      C:\VS10\VC\include\xfwrap1
         Note: including file:       C:\VS10\VC\include\xxshared
         Note: including file:      C:\VS10\VC\include\xfwrap1
         Note: including file:       C:\VS10\VC\include\xxshared
         Note: including file:      C:\VS10\VC\include\xfwrap1
         Note: including file:       C:\VS10\VC\include\xxshared
         Note: including file:      C:\VS10\VC\include\xfwrap1
         Note: including file:       C:\VS10\VC\include\xxshared
         Note: including file:      C:\VS10\VC\include\xfwrap1
         Note: including file:       C:\VS10\VC\include\xxshared
         Note: including file:    C:\VS10\VC\include\xfunctional
     1>c:\cpptk32\base\cpptkbase.h(24): fatal error C1083: Cannot open include file: 'boost/shared_ptr.hpp': No such file or directory
         Generating Code...
     1>Done Building Project "G:\MyData\Adelaide24\CppTk32XP\XP32VC10\Examples\TK8420\Example1.vcxproj" (build target(s)) -- FAILED.

Build FAILED.

Time Elapsed 00:00:00.60
