Build started 25/04/2024 8:43:14 PM.
     1>Project "G:\MyData\Adelaide24\CppTk32XP\XP32VC10\TKDocs\TK8519\Country1.vcxproj" on node 2 (build target(s)).
     1>InitializeBuildStatus:
         Creating "Release\Country1.unsuccessfulbuild" because "AlwaysCreate" was specified.
       ClCompile:
         All outputs are up-to-date.
       ManifestResourceCompile:
         All outputs are up-to-date.
       Link:
         All outputs are up-to-date.
         C:\VS10\VC\bin\link.exe /ERRORREPORT:PROMPT /OUT:"Release\Country1.exe" /INCREMENTAL /NOLOGO c:\TCL\Lib\tcl85t.lib c:\TCL\Lib\tk85t.lib kernel32.lib user32.lib gdi32.lib winspool.lib comdlg32.lib advapi32.lib shell32.lib ole32.lib oleaut32.lib uuid.lib odbc32.lib odbccp32.lib /MANIFEST /ManifestFile:"Release\Country1.exe.intermediate.manifest" /MANIFESTUAC:"level='asInvoker' uiAccess='false'" /DEBUG /PDB:"G:\MyData\Adelaide24\CppTk32XP\XP32VC10\TKDocs\TK8519\Release\Country1.pdb" /SUBSYSTEM:CONSOLE /OPT:REF /OPT:ICF /TLBID:1 /DYNAMICBASE /NXCOMPAT /IMPLIB:"Release\Country1.lib" /MACHINE:X86 Release\Country1.exe.embed.manifest.res
         Release\cpptk.obj
         Release\cpptkbase.obj
         Release\country1.obj
     1>LINK : warning LNK4075: ignoring '/INCREMENTAL' due to '/OPT:ICF' specification
       Manifest:
         C:\Program Files\Microsoft SDKs\Windows\v7.0A\bin\mt.exe /nologo /verbose /out:"Release\Country1.exe.embed.manifest" /manifest Release\Country1.exe.intermediate.manifest
         All outputs are up-to-date.
       LinkEmbedManifest:
         All outputs are up-to-date.
         Country1.vcxproj -> G:\MyData\Adelaide24\CppTk32XP\XP32VC10\TKDocs\TK8519\Release\Country1.exe
       FinalizeBuildStatus:
         Deleting file "Release\Country1.unsuccessfulbuild".
         Touching "Release\Country1.lastbuildstate".
     1>Done Building Project "G:\MyData\Adelaide24\CppTk32XP\XP32VC10\TKDocs\TK8519\Country1.vcxproj" (build target(s)).

Build succeeded.

Time Elapsed 00:00:00.25
